<?xml version="1.0" encoding="UTF-8"?>
<!-- Generated by org.testng.reporters.JUnitXMLReporter -->
<testsuite ignored="2" hostname="MacBook-Air.local" failures="0" tests="0" time="0.004" errors="0" timestamp="2023-07-04T09:33:53 NZST">
  <testcase classname="testComponents.ErrorValidationsTest" name="validateLoginError" time="0.0">
    <ignored/>
  </testcase> <!-- validateLoginError -->
  <testcase classname="testComponents.ErrorValidationsTest" name="validateProductErrorMessage" time="0.0">
    <ignored/>
  </testcase> <!-- validateProductErrorMessage -->
</testsuite>
