<?xml version="1.0" encoding="UTF-8"?>
<!-- Generated by org.testng.reporters.JUnitXMLReporter -->
<testsuite ignored="0" hostname="MacBook-Air.local" failures="0" tests="2" name="Error Validations Test" time="19.214" errors="0" timestamp="2023-07-04T12:47:30 NZST">
  <testcase classname="testComponents.ErrorValidationsTest" name="validateLoginError" time="1.518"/>
  <testcase classname="testComponents.ErrorValidationsTest" name="validateProductErrorMessage" time="3.373"/>
</testsuite> <!-- Error Validations Test -->
