<?xml version="1.0" encoding="UTF-8"?>
<!-- Generated by org.testng.reporters.JUnitXMLReporter -->
<testsuite ignored="0" hostname="MacBook-Air.local" failures="0" tests="3" name="Submit Order Test" time="43.523" errors="0" timestamp="2023-07-04T12:47:54 NZST">
  <testcase classname="testComponents.SubmitOrderTest" name="submitOrderTest" time="18.253"/>
  <testcase classname="testComponents.SubmitOrderTest" name="submitOrderTest" time="4.969"/>
  <testcase classname="testComponents.SubmitOrderTest" name="orderHistoryTest" time="1.035"/>
</testsuite> <!-- Submit Order Test -->
