<?xml version="1.0" encoding="UTF-8"?>
<!-- Generated by org.testng.reporters.JUnitXMLReporter -->
<testsuite ignored="1" hostname="MacBook-Air.local" failures="0" tests="2" name="Submit Order Test" time="39.591" errors="0" timestamp="2023-07-04T09:34:33 NZST">
  <testcase classname="testComponents.SubmitOrderTest" name="submitOrderTest" time="5.915"/>
  <testcase classname="testComponents.SubmitOrderTest" name="submitOrderTest" time="7.468"/>
  <testcase classname="testComponents.SubmitOrderTest" name="orderHistoryTest" time="0.0">
    <ignored/>
  </testcase> <!-- orderHistoryTest -->
</testsuite> <!-- Submit Order Test -->
