<?xml version="1.0" encoding="UTF-8"?>
<testng-results ignored="0" total="5" passed="5" failed="0" skipped="0">
  <reporter-output>
  </reporter-output>
  <suite started-at="2023-07-04T12:47:10 NZST" name="Suite" finished-at="2023-07-04T12:47:54 NZST" duration-ms="43523">
    <groups>
      <group name="ErrorHandling">
        <method signature="ErrorValidationsTest.validateLoginError()[pri:0, instance:testComponents.ErrorValidationsTest@4b013c76]" name="validateLoginError" class="testComponents.ErrorValidationsTest"/>
      </group> <!-- ErrorHandling -->
      <group name="Purchase">
        <method signature="SubmitOrderTest.submitOrderTest(java.util.HashMap)[pri:0, instance:testComponents.SubmitOrderTest@52719fb6]" name="submitOrderTest" class="testComponents.SubmitOrderTest"/>
      </group> <!-- Purchase -->
    </groups>
    <test started-at="2023-07-04T12:47:10 NZST" name="Error Validations Test" finished-at="2023-07-04T12:47:30 NZST" duration-ms="19214">
      <class name="testComponents.ErrorValidationsTest">
        <test-method is-config="true" signature="launchApplication()[pri:0, instance:testComponents.ErrorValidationsTest@4b013c76]" started-at="2023-07-04T12:47:10 NZST" name="launchApplication" finished-at="2023-07-04T12:47:19 NZST" duration-ms="8301" status="PASS">
          <reporter-output>
          </reporter-output>
        </test-method> <!-- launchApplication -->
        <test-method signature="validateLoginError()[pri:0, instance:testComponents.ErrorValidationsTest@4b013c76]" started-at="2023-07-04T12:47:19 NZST" name="validateLoginError" finished-at="2023-07-04T12:47:20 NZST" duration-ms="1518" status="PASS">
          <reporter-output>
          </reporter-output>
        </test-method> <!-- validateLoginError -->
        <test-method is-config="true" signature="teardown()[pri:0, instance:testComponents.ErrorValidationsTest@4b013c76]" started-at="2023-07-04T12:47:20 NZST" name="teardown" finished-at="2023-07-04T12:47:20 NZST" duration-ms="111" status="PASS">
          <reporter-output>
          </reporter-output>
        </test-method> <!-- teardown -->
        <test-method is-config="true" signature="launchApplication()[pri:0, instance:testComponents.ErrorValidationsTest@4b013c76]" started-at="2023-07-04T12:47:20 NZST" name="launchApplication" finished-at="2023-07-04T12:47:26 NZST" duration-ms="5784" status="PASS">
          <reporter-output>
          </reporter-output>
        </test-method> <!-- launchApplication -->
        <test-method signature="validateProductErrorMessage()[pri:0, instance:testComponents.ErrorValidationsTest@4b013c76]" started-at="2023-07-04T12:47:26 NZST" name="validateProductErrorMessage" finished-at="2023-07-04T12:47:30 NZST" duration-ms="3373" status="PASS">
          <reporter-output>
          </reporter-output>
        </test-method> <!-- validateProductErrorMessage -->
        <test-method is-config="true" signature="teardown()[pri:0, instance:testComponents.ErrorValidationsTest@4b013c76]" started-at="2023-07-04T12:47:30 NZST" name="teardown" finished-at="2023-07-04T12:47:30 NZST" duration-ms="107" status="PASS">
          <reporter-output>
          </reporter-output>
        </test-method> <!-- teardown -->
      </class> <!-- testComponents.ErrorValidationsTest -->
    </test> <!-- Error Validations Test -->
    <test started-at="2023-07-04T12:47:10 NZST" name="Submit Order Test" finished-at="2023-07-04T12:47:54 NZST" duration-ms="43523">
      <class name="testComponents.SubmitOrderTest">
        <test-method is-config="true" signature="launchApplication()[pri:0, instance:testComponents.SubmitOrderTest@52719fb6]" started-at="2023-07-04T12:47:11 NZST" name="launchApplication" finished-at="2023-07-04T12:47:18 NZST" duration-ms="7007" status="PASS">
          <reporter-output>
          </reporter-output>
        </test-method> <!-- launchApplication -->
        <test-method signature="submitOrderTest(java.util.HashMap)[pri:0, instance:testComponents.SubmitOrderTest@52719fb6]" started-at="2023-07-04T12:47:18 NZST" name="submitOrderTest" data-provider="getData" finished-at="2023-07-04T12:47:36 NZST" duration-ms="18253" status="PASS">
          <params>
            <param index="0">
              <value>
                <![CDATA[{password=gazxHSwK$oBbd*c43t4S, email=shellymutugrigg@gmail.com, productName=ZARA COAT 3}]]>
              </value>
            </param>
          </params>
          <reporter-output>
          </reporter-output>
        </test-method> <!-- submitOrderTest -->
        <test-method is-config="true" signature="teardown()[pri:0, instance:testComponents.SubmitOrderTest@52719fb6]" started-at="2023-07-04T12:47:36 NZST" name="teardown" finished-at="2023-07-04T12:47:36 NZST" duration-ms="109" status="PASS">
          <reporter-output>
          </reporter-output>
        </test-method> <!-- teardown -->
        <test-method is-config="true" signature="launchApplication()[pri:0, instance:testComponents.SubmitOrderTest@52719fb6]" started-at="2023-07-04T12:47:36 NZST" name="launchApplication" finished-at="2023-07-04T12:47:42 NZST" duration-ms="6081" status="PASS">
          <reporter-output>
          </reporter-output>
        </test-method> <!-- launchApplication -->
        <test-method signature="submitOrderTest(java.util.HashMap)[pri:0, instance:testComponents.SubmitOrderTest@52719fb6]" started-at="2023-07-04T12:47:42 NZST" name="submitOrderTest" data-provider="getData" finished-at="2023-07-04T12:47:47 NZST" duration-ms="4969" status="PASS">
          <params>
            <param index="0">
              <value>
                <![CDATA[{password=gazxHSwK$oBbd*c43t4S2, email=shellymutugrigg2@gmail.com, productName=ADIDAS ORIGINAL}]]>
              </value>
            </param>
          </params>
          <reporter-output>
          </reporter-output>
        </test-method> <!-- submitOrderTest -->
        <test-method is-config="true" signature="teardown()[pri:0, instance:testComponents.SubmitOrderTest@52719fb6]" started-at="2023-07-04T12:47:47 NZST" name="teardown" finished-at="2023-07-04T12:47:47 NZST" duration-ms="125" status="PASS">
          <reporter-output>
          </reporter-output>
        </test-method> <!-- teardown -->
        <test-method is-config="true" signature="launchApplication()[pri:0, instance:testComponents.SubmitOrderTest@52719fb6]" started-at="2023-07-04T12:47:47 NZST" name="launchApplication" finished-at="2023-07-04T12:47:53 NZST" duration-ms="5735" status="PASS">
          <reporter-output>
          </reporter-output>
        </test-method> <!-- launchApplication -->
        <test-method signature="orderHistoryTest()[pri:0, instance:testComponents.SubmitOrderTest@52719fb6]" started-at="2023-07-04T12:47:53 NZST" name="orderHistoryTest" finished-at="2023-07-04T12:47:54 NZST" depends-on-methods="testComponents.SubmitOrderTest.submitOrderTest" duration-ms="1035" status="PASS">
          <reporter-output>
          </reporter-output>
        </test-method> <!-- orderHistoryTest -->
        <test-method is-config="true" signature="teardown()[pri:0, instance:testComponents.SubmitOrderTest@52719fb6]" started-at="2023-07-04T12:47:54 NZST" name="teardown" finished-at="2023-07-04T12:47:54 NZST" duration-ms="109" status="PASS">
          <reporter-output>
          </reporter-output>
        </test-method> <!-- teardown -->
      </class> <!-- testComponents.SubmitOrderTest -->
    </test> <!-- Submit Order Test -->
  </suite> <!-- Suite -->
</testng-results>
