<?xml version="1.0" encoding="UTF-8"?>
<testng-results ignored="0" total="2" passed="2" failed="0" skipped="0">
  <reporter-output>
  </reporter-output>
  <suite started-at="2023-07-04T09:33:53 NZST" name="Suite" finished-at="2023-07-04T09:34:33 NZST" duration-ms="39591">
    <groups>
      <group name="Purchase">
        <method signature="SubmitOrderTest.submitOrderTest(java.util.HashMap)[pri:0, instance:testComponents.SubmitOrderTest@48aaecc3]" name="submitOrderTest" class="testComponents.SubmitOrderTest"/>
      </group> <!-- Purchase -->
    </groups>
    <test started-at="2023-07-04T09:33:53 NZST" name="Error Validations Test" finished-at="2023-07-04T09:33:53 NZST" duration-ms="4">
    </test> <!-- Error Validations Test -->
    <test started-at="2023-07-04T09:33:53 NZST" name="Submit Order Test" finished-at="2023-07-04T09:34:33 NZST" duration-ms="39591">
      <class name="testComponents.SubmitOrderTest">
        <test-method is-config="true" signature="launchApplication()[pri:0, instance:testComponents.SubmitOrderTest@48aaecc3]" started-at="2023-07-04T09:33:53 NZST" name="launchApplication" finished-at="2023-07-04T09:34:07 NZST" duration-ms="13514" status="PASS">
          <reporter-output>
          </reporter-output>
        </test-method> <!-- launchApplication -->
        <test-method signature="submitOrderTest(java.util.HashMap)[pri:0, instance:testComponents.SubmitOrderTest@48aaecc3]" started-at="2023-07-04T09:34:07 NZST" name="submitOrderTest" data-provider="getData" finished-at="2023-07-04T09:34:13 NZST" duration-ms="5915" status="PASS">
          <params>
            <param index="0">
              <value>
                <![CDATA[{password=gazxHSwK$oBbd*c43t4S, email=shellymutugrigg@gmail.com, productName=ZARA COAT 3}]]>
              </value>
            </param>
          </params>
          <reporter-output>
          </reporter-output>
        </test-method> <!-- submitOrderTest -->
        <test-method is-config="true" signature="teardown()[pri:0, instance:testComponents.SubmitOrderTest@48aaecc3]" started-at="2023-07-04T09:34:13 NZST" name="teardown" finished-at="2023-07-04T09:34:13 NZST" duration-ms="118" status="PASS">
          <reporter-output>
          </reporter-output>
        </test-method> <!-- teardown -->
        <test-method is-config="true" signature="launchApplication()[pri:0, instance:testComponents.SubmitOrderTest@48aaecc3]" started-at="2023-07-04T09:34:13 NZST" name="launchApplication" finished-at="2023-07-04T09:34:25 NZST" duration-ms="12402" status="PASS">
          <reporter-output>
          </reporter-output>
        </test-method> <!-- launchApplication -->
        <test-method signature="submitOrderTest(java.util.HashMap)[pri:0, instance:testComponents.SubmitOrderTest@48aaecc3]" started-at="2023-07-04T09:34:25 NZST" name="submitOrderTest" data-provider="getData" finished-at="2023-07-04T09:34:33 NZST" duration-ms="7468" status="PASS">
          <params>
            <param index="0">
              <value>
                <![CDATA[{password=gazxHSwK$oBbd*c43t4S2, email=shellymutugrigg2@gmail.com, productName=ADIDAS ORIGINAL}]]>
              </value>
            </param>
          </params>
          <reporter-output>
          </reporter-output>
        </test-method> <!-- submitOrderTest -->
        <test-method is-config="true" signature="teardown()[pri:0, instance:testComponents.SubmitOrderTest@48aaecc3]" started-at="2023-07-04T09:34:33 NZST" name="teardown" finished-at="2023-07-04T09:34:33 NZST" duration-ms="65" status="PASS">
          <reporter-output>
          </reporter-output>
        </test-method> <!-- teardown -->
      </class> <!-- testComponents.SubmitOrderTest -->
    </test> <!-- Submit Order Test -->
  </suite> <!-- Suite -->
</testng-results>
